<?xml version="1.0" encoding="UTF-8"?>
<!-- Generated by org.testng.reporters.JUnitReportReporter -->
<testsuite hostname="SDN-272" name="RRMMS.Test.Association" tests="1" failures="0" timestamp="10 Jul 2018 16:25:30 GMT" time="99.670" errors="0">
  <testcase name="AssociationMain" time="99.670" classname="RRMMS.Test.Association"/>
</testsuite> <!-- RRMMS.Test.Association -->
