<?xml version="1.0" encoding="UTF-8"?>
<!-- Generated by org.testng.reporters.JUnitReportReporter -->
<testsuite hostname="SDN-272" name="RRMMS.Test.TractDepth" tests="1" failures="0" timestamp="2 May 2018 13:39:30 GMT" time="139.942" errors="0">
  <testcase name="TrackDepthProspect" time="139.942" classname="RRMMS.Test.TractDepth"/>
</testsuite> <!-- RRMMS.Test.TractDepth -->
