<?xml version="1.0" encoding="UTF-8"?>
<!-- Generated by org.testng.reporters.JUnitReportReporter -->
<testsuite hostname="SDN-272" name="RRMMS.Test.PendingOfferFlow" tests="1" failures="0" timestamp="15 Feb 2018 14:17:47 GMT" time="517.608" errors="0">
  <testcase name="Pendingoffer" time="517.608" classname="RRMMS.Test.PendingOfferFlow"/>
</testsuite> <!-- RRMMS.Test.PendingOfferFlow -->
