<?xml version="1.0" encoding="UTF-8"?>
<!-- Generated by org.testng.reporters.JUnitReportReporter -->
<testsuite hostname="SDN-272" name="RRMMS.Test.CreateDivisionOrder" tests="1" failures="0" timestamp="27 Mar 2018 10:24:09 GMT" time="400.050" errors="0">
  <testcase name="CreateDivisionOrder" time="400.050" classname="RRMMS.Test.CreateDivisionOrder"/>
</testsuite> <!-- RRMMS.Test.CreateDivisionOrder -->
