<?xml version="1.0" encoding="UTF-8"?>
<!-- Generated by org.testng.reporters.JUnitReportReporter -->
<testsuite hostname="SDN-272" name="RRMMS.Test.ProspectToAssetWorkFlow" tests="1" failures="0" timestamp="2 May 2018 13:26:17 GMT" time="630.480" errors="0">
  <testcase name="createProspect" time="630.480" classname="RRMMS.Test.ProspectToAssetWorkFlow"/>
</testsuite> <!-- RRMMS.Test.ProspectToAssetWorkFlow -->
