<?xml version="1.0" encoding="UTF-8"?>
<!-- Generated by org.testng.reporters.JUnitReportReporter -->
<testsuite hostname="SDN-272" name="RRMMS.Test.RRMMS_PositiveFlow" tests="6" failures="0" timestamp="4 May 2018 08:12:08 GMT" time="1345.476" errors="0">
  <testcase name="AfterBuildPostiveFlow" time="136.468" classname="RRMMS.Test.RRMMS_PositiveFlow"/>
  <testcase name="DO" time="50.309" classname="RRMMS.Test.RRMMS_PositiveFlow"/>
  <testcase name="LeaseAssociation" time="322.982" classname="RRMMS.Test.RRMMS_PositiveFlow"/>
  <testcase name="ProductionUnit" time="152.582" classname="RRMMS.Test.RRMMS_PositiveFlow"/>
  <testcase name="ProspectWorkFlow" time="510.530" classname="RRMMS.Test.RRMMS_PositiveFlow"/>
  <testcase name="AssetWorkFlow" time="172.605" classname="RRMMS.Test.RRMMS_PositiveFlow"/>
</testsuite> <!-- RRMMS.Test.RRMMS_PositiveFlow -->
