<?xml version="1.0" encoding="UTF-8"?>
<!-- Generated by org.testng.reporters.JUnitReportReporter -->
<testsuite hostname="SDN-272" name="RRMMS.Test.LocationFormSmartSearch" tests="1" failures="0" timestamp="14 May 2018 13:49:45 GMT" time="86.827" errors="0">
  <testcase name="ProspectSmartSearch" time="86.827" classname="RRMMS.Test.LocationFormSmartSearch"/>
</testsuite> <!-- RRMMS.Test.LocationFormSmartSearch -->
