<?xml version="1.0" encoding="UTF-8"?>
<!-- Generated by org.testng.reporters.JUnitReportReporter -->
<testsuite hostname="SDN-272" name="RRMMS.Test.DivisionOrder" tests="1" failures="0" timestamp="16 Feb 2018 07:42:54 GMT" time="77.309" errors="0">
  <testcase name="CreateDivisionOrder" time="77.309" classname="RRMMS.Test.DivisionOrder"/>
</testsuite> <!-- RRMMS.Test.DivisionOrder -->
