<?xml version="1.0" encoding="UTF-8"?>
<!-- Generated by org.testng.reporters.JUnitReportReporter -->
<testsuite hostname="SDN-272" name="RRMMS.Test.ProspectNRI" tests="2" failures="0" timestamp="5 Jul 2018 13:40:46 GMT" time="142.304" errors="0">
  <testcase name="ProspectNRI" time="124.663" classname="RRMMS.Test.ProspectNRI"/>
  <testcase name="FixedFloatingNPRI" time="17.641" classname="RRMMS.Test.ProspectNRI"/>
</testsuite> <!-- RRMMS.Test.ProspectNRI -->
