<?xml version="1.0" encoding="UTF-8"?>
<!-- Generated by org.testng.reporters.JUnitReportReporter -->
<testsuite hostname="SDN-272" name="RRMMS.Test.CreateDivisionOrder" tests="1" failures="0" timestamp="2 May 2018 12:11:30 GMT" time="72.210" errors="0">
  <testcase name="CreateDivisionOrder" time="72.210" classname="RRMMS.Test.CreateDivisionOrder"/>
</testsuite> <!-- RRMMS.Test.CreateDivisionOrder -->
