<?xml version="1.0" encoding="UTF-8"?>
<!-- Generated by org.testng.reporters.JUnitReportReporter -->
<testsuite hostname="SDN-272" name="RRMMS.Test.AssetOpen" tests="1" failures="0" timestamp="26 Apr 2018 22:06:01 GMT" time="2771.686" errors="0">
  <testcase name="AllAssetOpen" time="2771.686" classname="RRMMS.Test.AssetOpen"/>
</testsuite> <!-- RRMMS.Test.AssetOpen -->
