<?xml version="1.0" encoding="UTF-8"?>
<!-- Generated by org.testng.reporters.JUnitReportReporter -->
<testsuite hostname="SDN-272" name="RRMMS.Test.TractDepth" tests="1" failures="0" timestamp="16 Feb 2018 07:57:18 GMT" time="122.952" errors="0">
  <testcase name="TrackDepthProspect" time="122.952" classname="RRMMS.Test.TractDepth"/>
</testsuite> <!-- RRMMS.Test.TractDepth -->
