<?xml version="1.0" encoding="UTF-8"?>
<!-- Generated by org.testng.reporters.JUnitReportReporter -->
<testsuite hostname="SDN-272" name="RRMMS.Test.Login" tests="1" failures="0" timestamp="2 May 2018 09:53:14 GMT" time="20.276" errors="0">
  <testcase name="logIN" time="20.276" classname="RRMMS.Test.Login"/>
</testsuite> <!-- RRMMS.Test.Login -->
