<?xml version="1.0" encoding="UTF-8"?>
<!-- Generated by org.testng.reporters.JUnitReportReporter -->
<testsuite hostname="SDN-272" name="RRMMS.Test.Association" tests="1" failures="0" timestamp="3 May 2018 11:00:32 GMT" time="76.366" errors="0">
  <testcase name="AssociationMain" time="76.366" classname="RRMMS.Test.Association"/>
</testsuite> <!-- RRMMS.Test.Association -->
