<?xml version="1.0" encoding="UTF-8"?>
<!-- Generated by org.testng.reporters.JUnitReportReporter -->
<testsuite hostname="SDN-272" name="RRMMS.Test.Associaltion" tests="1" failures="0" timestamp="17 Jan 2018 11:11:24 GMT" time="228.159" errors="0">
  <testcase name="AssociationMain" time="228.159" classname="RRMMS.Test.Associaltion"/>
</testsuite> <!-- RRMMS.Test.Associaltion -->
