<?xml version="1.0" encoding="UTF-8"?>
<!-- Generated by org.testng.reporters.JUnitReportReporter -->
<testsuite hostname="SDN-272" name="RRMMS.Test.SmartSearch" tests="1" failures="0" timestamp="3 May 2018 07:47:59 GMT" time="205.658" errors="0">
  <testcase name="test" time="205.658" classname="RRMMS.Test.SmartSearch"/>
</testsuite> <!-- RRMMS.Test.SmartSearch -->
