<?xml version="1.0" encoding="UTF-8"?>
<!-- Generated by org.testng.reporters.JUnitReportReporter -->
<testsuite hostname="SDN-272" name="RRMMS.Test.CreateAOI" tests="1" failures="0" timestamp="27 Mar 2018 12:24:48 GMT" time="127.541" errors="0">
  <testcase name="createAOIDrawPolygon" time="127.541" classname="RRMMS.Test.CreateAOI"/>
</testsuite> <!-- RRMMS.Test.CreateAOI -->
