<?xml version="1.0" encoding="UTF-8"?>
<!-- Generated by org.testng.reporters.JUnitReportReporter -->
<testsuite hostname="SDN-272" name="RRMMS.Test.CreateProspect" tests="1" failures="0" timestamp="27 Mar 2018 09:56:34 GMT" time="150.025" errors="0">
  <testcase name="ProspectSmartSearch" time="150.025" classname="RRMMS.Test.CreateProspect"/>
</testsuite> <!-- RRMMS.Test.CreateProspect -->
