<?xml version="1.0" encoding="UTF-8"?>
<!-- Generated by org.testng.reporters.JUnitReportReporter -->
<testsuite hostname="SDN-272" name="RRMMS.Test.CreateProspect" tests="1" failures="0" timestamp="3 May 2018 16:19:50 GMT" time="189.862" errors="0">
  <testcase name="ProspectSmartSearch" time="189.862" classname="RRMMS.Test.CreateProspect"/>
</testsuite> <!-- RRMMS.Test.CreateProspect -->
