<?xml version="1.0" encoding="UTF-8"?>
<!-- Generated by org.testng.reporters.JUnitReportReporter -->
<testsuite hostname="SDN-272" name="RRMMS.Test.CloneAssetToLease" tests="1" failures="0" timestamp="4 Jul 2018 10:33:59 GMT" time="88.492" errors="0">
  <testcase name="LeaseClone" time="88.492" classname="RRMMS.Test.CloneAssetToLease"/>
</testsuite> <!-- RRMMS.Test.CloneAssetToLease -->
