<?xml version="1.0" encoding="UTF-8"?>
<!-- Generated by org.testng.reporters.JUnitReportReporter -->
<testsuite hostname="SDN-272" name="RRMMS.Test.CreateLease" tests="1" failures="0" timestamp="27 Mar 2018 10:08:01 GMT" time="149.796" errors="0">
  <testcase name="lease" time="149.796" classname="RRMMS.Test.CreateLease"/>
</testsuite> <!-- RRMMS.Test.CreateLease -->
