<?xml version="1.0" encoding="UTF-8"?>
<!-- Generated by org.testng.reporters.JUnitReportReporter -->
<testsuite hostname="SDN-272" name="RRMMS.Test.PostClose" tests="1" failures="0" timestamp="16 Feb 2018 10:02:24 GMT" time="69.405" errors="0">
  <testcase name="PostCloseAsset" time="69.405" classname="RRMMS.Test.PostClose"/>
</testsuite> <!-- RRMMS.Test.PostClose -->
