<?xml version="1.0" encoding="UTF-8"?>
<!-- Generated by org.testng.reporters.JUnitReportReporter -->
<testsuite hostname="SDN-272" name="RRMMS.Test.DivisionOrderWorkFlow" tests="1" failures="0" timestamp="16 Feb 2018 07:53:39 GMT" time="186.752" errors="0">
  <testcase name="CreateDivisionOrder" time="186.752" classname="RRMMS.Test.DivisionOrderWorkFlow"/>
</testsuite> <!-- RRMMS.Test.DivisionOrderWorkFlow -->
