<?xml version="1.0" encoding="UTF-8"?>
<!-- Generated by org.testng.reporters.JUnitReportReporter -->
<testsuite hostname="SDN-272" name="RRMMS.Test.CreateScript" tests="1" failures="0" timestamp="5 Jul 2018 11:01:59 GMT" time="222.861" errors="0">
  <testcase name="CreateProductionUnit" time="222.861" classname="RRMMS.Test.CreateScript"/>
</testsuite> <!-- RRMMS.Test.CreateScript -->
