<?xml version="1.0" encoding="UTF-8"?>
<!-- Generated by org.testng.reporters.JUnitReportReporter -->
<testsuite hostname="SDN-272" name="RRMMS.Test.Association" tests="1" failures="0" timestamp="9 Jul 2018 08:05:53 GMT" time="108.700" errors="0">
  <testcase name="AssociationMain" time="108.700" classname="RRMMS.Test.Association"/>
</testsuite> <!-- RRMMS.Test.Association -->
