<?xml version="1.0" encoding="UTF-8"?>
<!-- Generated by org.testng.reporters.JUnitReportReporter -->
<testsuite hostname="SDN-272" name="RRMMS.Test.Association" tests="1" failures="0" timestamp="19 Jun 2018 15:10:27 GMT" time="55.507" errors="0">
  <testcase name="AssociationMain" time="55.507" classname="RRMMS.Test.Association"/>
</testsuite> <!-- RRMMS.Test.Association -->
