<?xml version="1.0" encoding="UTF-8"?>
<!-- Generated by org.testng.reporters.JUnitReportReporter -->
<testsuite hostname="SDN-272" name="RRMMS.Test.CreateAOI" tests="1" failures="0" timestamp="3 May 2018 16:15:27 GMT" time="107.706" errors="0">
  <testcase name="createAOIDrawPolygon" time="107.706" classname="RRMMS.Test.CreateAOI"/>
</testsuite> <!-- RRMMS.Test.CreateAOI -->
