<?xml version="1.0" encoding="UTF-8"?>
<!-- Generated by org.testng.reporters.JUnitReportReporter -->
<testsuite hostname="SDN-272" name="RRMMS.Test.SmartSearch" tests="1" failures="0" timestamp="27 Mar 2018 12:33:18 GMT" time="166.689" errors="0">
  <testcase name="test" time="166.689" classname="RRMMS.Test.SmartSearch"/>
</testsuite> <!-- RRMMS.Test.SmartSearch -->
