<?xml version="1.0" encoding="UTF-8"?>
<!-- Generated by org.testng.reporters.JUnitReportReporter -->
<testsuite hostname="SDN-272" name="RRMMS.Test.DivisionOrderWorkFlow" tests="1" failures="0" timestamp="4 May 2018 10:11:55 GMT" time="231.330" errors="0">
  <testcase name="CreateDivisionOrder" time="231.330" classname="RRMMS.Test.DivisionOrderWorkFlow"/>
</testsuite> <!-- RRMMS.Test.DivisionOrderWorkFlow -->
