<?xml version="1.0" encoding="UTF-8"?>
<!-- Generated by org.testng.reporters.JUnitReportReporter -->
<testsuite hostname="SDN-272" name="RRMMS.Test.Login" tests="1" failures="0" timestamp="19 Mar 2018 12:23:12 GMT" time="34.806" errors="0">
  <testcase name="logIN" time="34.806" classname="RRMMS.Test.Login"/>
</testsuite> <!-- RRMMS.Test.Login -->
