<?xml version="1.0" encoding="UTF-8"?>
<!-- Generated by org.testng.reporters.JUnitReportReporter -->
<testsuite hostname="SDN-272" name="RRMMS.Test.CreateScript" tests="4" failures="0" timestamp="4 May 2018 09:27:11 GMT" time="544.738" errors="0">
  <testcase name="CreateLease" time="101.851" classname="RRMMS.Test.CreateScript"/>
  <testcase name="CreateProspect" time="117.745" classname="RRMMS.Test.CreateScript"/>
  <testcase name="createAOI" time="110.448" classname="RRMMS.Test.CreateScript"/>
  <testcase name="CreateProductionUnit" time="214.694" classname="RRMMS.Test.CreateScript"/>
</testsuite> <!-- RRMMS.Test.CreateScript -->
