<?xml version="1.0" encoding="UTF-8"?>
<!-- Generated by org.testng.reporters.JUnitReportReporter -->
<testsuite hostname="SDN-272" name="RRMMS.Test.LocationFromSmartSearch" tests="1" failures="0" timestamp="14 May 2018 14:26:57 GMT" time="83.708" errors="0">
  <testcase name="ProspectSmartSearch" time="83.708" classname="RRMMS.Test.LocationFromSmartSearch"/>
</testsuite> <!-- RRMMS.Test.LocationFromSmartSearch -->
