<?xml version="1.0" encoding="UTF-8"?>
<!-- Generated by org.testng.reporters.JUnitReportReporter -->
<testsuite hostname="SDN-272" name="RRMMS.Test.AssetWorkFlow" tests="1" failures="0" timestamp="16 Feb 2018 11:42:01 GMT" time="126.523" errors="0">
  <testcase name="workFlowAsset" time="126.523" classname="RRMMS.Test.AssetWorkFlow"/>
</testsuite> <!-- RRMMS.Test.AssetWorkFlow -->
