<?xml version="1.0" encoding="UTF-8"?>
<!-- Generated by org.testng.reporters.JUnitReportReporter -->
<testsuite hostname="SDN-272" name="RRMMS.Test.AssetWorkFlow" tests="1" failures="0" timestamp="3 May 2018 09:52:43 GMT" time="348.526" errors="0">
  <testcase name="workFlowAsset" time="348.526" classname="RRMMS.Test.AssetWorkFlow"/>
</testsuite> <!-- RRMMS.Test.AssetWorkFlow -->
