<?xml version="1.0" encoding="UTF-8"?>
<!-- Generated by org.testng.reporters.JUnitReportReporter -->
<testsuite hostname="SDN-272" name="RRMMS.Test.CreateLease" tests="1" failures="0" timestamp="30 Oct 2017 13:06:12 GMT" time="86.641" errors="0">
  <testcase name="lease" time="86.641" classname="RRMMS.Test.CreateLease"/>
</testsuite> <!-- RRMMS.Test.CreateLease -->
