<?xml version="1.0" encoding="UTF-8"?>
<!-- Generated by org.testng.reporters.JUnitReportReporter -->
<testsuite hostname="SDN-272" name="RRMMS.Test.AssetWorkFlow" tests="1" failures="0" timestamp="30 Oct 2017 13:51:15 GMT" time="81.313" errors="0">
  <testcase name="lease" time="81.313" classname="RRMMS.Test.AssetWorkFlow"/>
</testsuite> <!-- RRMMS.Test.AssetWorkFlow -->
