<?xml version="1.0" encoding="UTF-8"?>
<!-- Generated by org.testng.reporters.JUnitReportReporter -->
<testsuite hostname="SDN-272" name="RRMMS.Test.Login" tests="1" failures="0" timestamp="23 Oct 2017 15:33:00 GMT" time="5.704" errors="0">
  <testcase name="logIN" time="5.704" classname="RRMMS.Test.Login"/>
</testsuite> <!-- RRMMS.Test.Login -->
