<?xml version="1.0" encoding="UTF-8"?>
<!-- Generated by org.testng.reporters.JUnitReportReporter -->
<testsuite hostname="SDN-272" name="RRMMS.Test.CreateAOI" tests="1" failures="0" timestamp="14 Oct 2017 11:45:22 GMT" time="78.163" errors="0">
  <testcase name="createAOIDrawPolygon" time="78.163" classname="RRMMS.Test.CreateAOI"/>
</testsuite> <!-- RRMMS.Test.CreateAOI -->
