<?xml version="1.0" encoding="UTF-8"?>
<!-- Generated by org.testng.reporters.JUnitReportReporter -->
<testsuite hostname="SDN-272" name="RRMMS.Test.PendingDueDelay_Flow" tests="1" failures="0" timestamp="31 Oct 2017 13:13:29 GMT" time="180.721" errors="0">
  <testcase name="PendingDueDelay" time="180.721" classname="RRMMS.Test.PendingDueDelay_Flow"/>
</testsuite> <!-- RRMMS.Test.PendingDueDelay_Flow -->
